<?xml version="1.0" encoding="UTF-8"?>
<testsuite xmlns:xsi="http://www.w3.org/2001/XMLSchema-instance" xsi:noNamespaceSchemaLocation="https://maven.apache.org/surefire/maven-surefire-plugin/xsd/surefire-test-report-3.0.xsd" version="3.0" name="com.assign.ps.Book4FunTests" time="13.097" tests="1" errors="0" skipped="0" failures="0">
  <properties>
    <property name="java.specification.version" value="17"/>
    <property name="sun.cpu.isalist" value="amd64"/>
    <property name="sun.jnu.encoding" value="Cp1252"/>
    <property name="java.class.path" value="C:\Users\000U69744\IdeaProjects\ps-assignment\Book4Fun\booking-service\target\test-classes;C:\Users\000U69744\IdeaProjects\ps-assignment\Book4Fun\booking-service\target\classes;C:\Users\000U69744\.m2\repository\com\playtika\reactivefeign\feign-reactor-spring-configuration\4.0.3\feign-reactor-spring-configuration-4.0.3.jar;C:\Users\000U69744\.m2\repository\com\playtika\reactivefeign\feign-reactor-core\4.0.3\feign-reactor-core-4.0.3.jar;C:\Users\000U69744\.m2\repository\io\projectreactor\reactor-core\3.5.12\reactor-core-3.5.12.jar;C:\Users\000U69744\.m2\repository\org\reactivestreams\reactive-streams\1.0.4\reactive-streams-1.0.4.jar;C:\Users\000U69744\.m2\repository\io\github\openfeign\feign-core\12.4\feign-core-12.4.jar;C:\Users\000U69744\.m2\repository\org\springframework\cloud\spring-cloud-commons\4.0.4\spring-cloud-commons-4.0.4.jar;C:\Users\000U69744\.m2\repository\org\springframework\security\spring-security-crypto\6.1.5\spring-security-crypto-6.1.5.jar;C:\Users\000U69744\.m2\repository\org\springframework\cloud\spring-cloud-context\4.0.4\spring-cloud-context-4.0.4.jar;C:\Users\000U69744\.m2\repository\org\springframework\cloud\spring-cloud-openfeign-core\4.0.4\spring-cloud-openfeign-core-4.0.4.jar;C:\Users\000U69744\.m2\repository\io\github\openfeign\form\feign-form-spring\3.8.0\feign-form-spring-3.8.0.jar;C:\Users\000U69744\.m2\repository\io\github\openfeign\form\feign-form\3.8.0\feign-form-3.8.0.jar;C:\Users\000U69744\.m2\repository\com\playtika\reactivefeign\feign-reactor-cloud\4.0.3\feign-reactor-cloud-4.0.3.jar;C:\Users\000U69744\.m2\repository\org\springframework\cloud\spring-cloud-starter-loadbalancer\4.0.4\spring-cloud-starter-loadbalancer-4.0.4.jar;C:\Users\000U69744\.m2\repository\org\springframework\cloud\spring-cloud-starter\4.0.4\spring-cloud-starter-4.0.4.jar;C:\Users\000U69744\.m2\repository\org\springframework\security\spring-security-rsa\1.0.12.RELEASE\spring-security-rsa-1.0.12.RELEASE.jar;C:\Users\000U69744\.m2\repository\org\bouncycastle\bcpkix-jdk18on\1.73\bcpkix-jdk18on-1.73.jar;C:\Users\000U69744\.m2\repository\org\bouncycastle\bcprov-jdk18on\1.73\bcprov-jdk18on-1.73.jar;C:\Users\000U69744\.m2\repository\org\bouncycastle\bcutil-jdk18on\1.73\bcutil-jdk18on-1.73.jar;C:\Users\000U69744\.m2\repository\org\springframework\cloud\spring-cloud-loadbalancer\4.0.4\spring-cloud-loadbalancer-4.0.4.jar;C:\Users\000U69744\.m2\repository\io\projectreactor\addons\reactor-extra\3.5.1\reactor-extra-3.5.1.jar;C:\Users\000U69744\.m2\repository\org\springframework\boot\spring-boot-starter-cache\3.1.6\spring-boot-starter-cache-3.1.6.jar;C:\Users\000U69744\.m2\repository\org\springframework\spring-context-support\6.0.14\spring-context-support-6.0.14.jar;C:\Users\000U69744\.m2\repository\com\stoyanr\evictor\1.0.0\evictor-1.0.0.jar;C:\Users\000U69744\.m2\repository\com\playtika\reactivefeign\feign-reactor-webclient\4.0.3\feign-reactor-webclient-4.0.3.jar;C:\Users\000U69744\.m2\repository\com\playtika\reactivefeign\feign-reactor-webclient-core\4.0.3\feign-reactor-webclient-core-4.0.3.jar;C:\Users\000U69744\.m2\repository\org\springframework\spring-webflux\6.0.14\spring-webflux-6.0.14.jar;C:\Users\000U69744\.m2\repository\io\projectreactor\netty\reactor-netty-http\1.1.13\reactor-netty-http-1.1.13.jar;C:\Users\000U69744\.m2\repository\io\netty\netty-codec-http\4.1.101.Final\netty-codec-http-4.1.101.Final.jar;C:\Users\000U69744\.m2\repository\io\netty\netty-common\4.1.101.Final\netty-common-4.1.101.Final.jar;C:\Users\000U69744\.m2\repository\io\netty\netty-buffer\4.1.101.Final\netty-buffer-4.1.101.Final.jar;C:\Users\000U69744\.m2\repository\io\netty\netty-transport\4.1.101.Final\netty-transport-4.1.101.Final.jar;C:\Users\000U69744\.m2\repository\io\netty\netty-codec\4.1.101.Final\netty-codec-4.1.101.Final.jar;C:\Users\000U69744\.m2\repository\io\netty\netty-handler\4.1.101.Final\netty-handler-4.1.101.Final.jar;C:\Users\000U69744\.m2\repository\io\netty\netty-codec-http2\4.1.101.Final\netty-codec-http2-4.1.101.Final.jar;C:\Users\000U69744\.m2\repository\io\netty\netty-resolver-dns\4.1.101.Final\netty-resolver-dns-4.1.101.Final.jar;C:\Users\000U69744\.m2\repository\io\netty\netty-resolver\4.1.101.Final\netty-resolver-4.1.101.Final.jar;C:\Users\000U69744\.m2\repository\io\netty\netty-codec-dns\4.1.101.Final\netty-codec-dns-4.1.101.Final.jar;C:\Users\000U69744\.m2\repository\io\netty\netty-resolver-dns-native-macos\4.1.101.Final\netty-resolver-dns-native-macos-4.1.101.Final-osx-x86_64.jar;C:\Users\000U69744\.m2\repository\io\netty\netty-resolver-dns-classes-macos\4.1.101.Final\netty-resolver-dns-classes-macos-4.1.101.Final.jar;C:\Users\000U69744\.m2\repository\io\netty\netty-transport-native-epoll\4.1.101.Final\netty-transport-native-epoll-4.1.101.Final-linux-x86_64.jar;C:\Users\000U69744\.m2\repository\io\netty\netty-transport-native-unix-common\4.1.101.Final\netty-transport-native-unix-common-4.1.101.Final.jar;C:\Users\000U69744\.m2\repository\io\netty\netty-transport-classes-epoll\4.1.101.Final\netty-transport-classes-epoll-4.1.101.Final.jar;C:\Users\000U69744\.m2\repository\io\projectreactor\netty\reactor-netty-core\1.1.13\reactor-netty-core-1.1.13.jar;C:\Users\000U69744\.m2\repository\io\netty\netty-handler-proxy\4.1.101.Final\netty-handler-proxy-4.1.101.Final.jar;C:\Users\000U69744\.m2\repository\io\netty\netty-codec-socks\4.1.101.Final\netty-codec-socks-4.1.101.Final.jar;C:\Users\000U69744\.m2\repository\org\wiremock\wiremock\3.0.1\wiremock-3.0.1.jar;C:\Users\000U69744\.m2\repository\org\eclipse\jetty\jetty-server\11.0.18\jetty-server-11.0.18.jar;C:\Users\000U69744\.m2\repository\org\eclipse\jetty\toolchain\jetty-jakarta-servlet-api\5.0.2\jetty-jakarta-servlet-api-5.0.2.jar;C:\Users\000U69744\.m2\repository\org\eclipse\jetty\jetty-http\11.0.18\jetty-http-11.0.18.jar;C:\Users\000U69744\.m2\repository\org\eclipse\jetty\jetty-io\11.0.18\jetty-io-11.0.18.jar;C:\Users\000U69744\.m2\repository\org\eclipse\jetty\jetty-servlet\11.0.18\jetty-servlet-11.0.18.jar;C:\Users\000U69744\.m2\repository\org\eclipse\jetty\jetty-security\11.0.18\jetty-security-11.0.18.jar;C:\Users\000U69744\.m2\repository\org\eclipse\jetty\jetty-servlets\11.0.18\jetty-servlets-11.0.18.jar;C:\Users\000U69744\.m2\repository\org\eclipse\jetty\jetty-util\11.0.18\jetty-util-11.0.18.jar;C:\Users\000U69744\.m2\repository\org\eclipse\jetty\jetty-webapp\11.0.18\jetty-webapp-11.0.18.jar;C:\Users\000U69744\.m2\repository\org\eclipse\jetty\jetty-xml\11.0.18\jetty-xml-11.0.18.jar;C:\Users\000U69744\.m2\repository\org\eclipse\jetty\jetty-proxy\11.0.18\jetty-proxy-11.0.18.jar;C:\Users\000U69744\.m2\repository\org\eclipse\jetty\jetty-client\11.0.18\jetty-client-11.0.18.jar;C:\Users\000U69744\.m2\repository\org\eclipse\jetty\http2\http2-server\11.0.18\http2-server-11.0.18.jar;C:\Users\000U69744\.m2\repository\org\eclipse\jetty\http2\http2-common\11.0.18\http2-common-11.0.18.jar;C:\Users\000U69744\.m2\repository\org\eclipse\jetty\http2\http2-hpack\11.0.18\http2-hpack-11.0.18.jar;C:\Users\000U69744\.m2\repository\org\eclipse\jetty\jetty-alpn-server\11.0.18\jetty-alpn-server-11.0.18.jar;C:\Users\000U69744\.m2\repository\org\eclipse\jetty\jetty-alpn-java-server\11.0.18\jetty-alpn-java-server-11.0.18.jar;C:\Users\000U69744\.m2\repository\org\eclipse\jetty\jetty-alpn-java-client\11.0.18\jetty-alpn-java-client-11.0.18.jar;C:\Users\000U69744\.m2\repository\org\eclipse\jetty\jetty-alpn-client\11.0.18\jetty-alpn-client-11.0.18.jar;C:\Users\000U69744\.m2\repository\com\google\guava\guava\32.1.2-jre\guava-32.1.2-jre.jar;C:\Users\000U69744\.m2\repository\com\google\guava\failureaccess\1.0.1\failureaccess-1.0.1.jar;C:\Users\000U69744\.m2\repository\com\google\guava\listenablefuture\9999.0-empty-to-avoid-conflict-with-guava\listenablefuture-9999.0-empty-to-avoid-conflict-with-guava.jar;C:\Users\000U69744\.m2\repository\org\checkerframework\checker-qual\3.33.0\checker-qual-3.33.0.jar;C:\Users\000U69744\.m2\repository\com\google\errorprone\error_prone_annotations\2.18.0\error_prone_annotations-2.18.0.jar;C:\Users\000U69744\.m2\repository\com\google\j2objc\j2objc-annotations\2.8\j2objc-annotations-2.8.jar;C:\Users\000U69744\.m2\repository\com\fasterxml\jackson\core\jackson-core\2.15.3\jackson-core-2.15.3.jar;C:\Users\000U69744\.m2\repository\com\fasterxml\jackson\core\jackson-annotations\2.15.3\jackson-annotations-2.15.3.jar;C:\Users\000U69744\.m2\repository\com\fasterxml\jackson\core\jackson-databind\2.15.3\jackson-databind-2.15.3.jar;C:\Users\000U69744\.m2\repository\com\fasterxml\jackson\datatype\jackson-datatype-jsr310\2.15.3\jackson-datatype-jsr310-2.15.3.jar;C:\Users\000U69744\.m2\repository\org\apache\httpcomponents\client5\httpclient5\5.2.1\httpclient5-5.2.1.jar;C:\Users\000U69744\.m2\repository\org\apache\httpcomponents\core5\httpcore5\5.2.3\httpcore5-5.2.3.jar;C:\Users\000U69744\.m2\repository\org\apache\httpcomponents\core5\httpcore5-h2\5.2.3\httpcore5-h2-5.2.3.jar;C:\Users\000U69744\.m2\repository\org\xmlunit\xmlunit-core\2.9.1\xmlunit-core-2.9.1.jar;C:\Users\000U69744\.m2\repository\org\xmlunit\xmlunit-legacy\2.9.1\xmlunit-legacy-2.9.1.jar;C:\Users\000U69744\.m2\repository\org\xmlunit\xmlunit-placeholders\2.9.1\xmlunit-placeholders-2.9.1.jar;C:\Users\000U69744\.m2\repository\net\javacrumbs\json-unit\json-unit-core\2.38.0\json-unit-core-2.38.0.jar;C:\Users\000U69744\.m2\repository\org\hamcrest\hamcrest-core\2.2\hamcrest-core-2.2.jar;C:\Users\000U69744\.m2\repository\com\jayway\jsonpath\json-path\2.8.0\json-path-2.8.0.jar;C:\Users\000U69744\.m2\repository\org\ow2\asm\asm\9.5\asm-9.5.jar;C:\Users\000U69744\.m2\repository\net\sf\jopt-simple\jopt-simple\5.0.4\jopt-simple-5.0.4.jar;C:\Users\000U69744\.m2\repository\org\apache\commons\commons-lang3\3.12.0\commons-lang3-3.12.0.jar;C:\Users\000U69744\.m2\repository\com\github\jknack\handlebars\4.3.1\handlebars-4.3.1.jar;C:\Users\000U69744\.m2\repository\com\github\jknack\handlebars-helpers\4.3.1\handlebars-helpers-4.3.1.jar;C:\Users\000U69744\.m2\repository\commons-fileupload\commons-fileupload\1.5\commons-fileupload-1.5.jar;C:\Users\000U69744\.m2\repository\commons-io\commons-io\2.13.0\commons-io-2.13.0.jar;C:\Users\000U69744\.m2\repository\com\networknt\json-schema-validator\1.0.86\json-schema-validator-1.0.86.jar;C:\Users\000U69744\.m2\repository\com\ethlo\time\itu\1.7.0\itu-1.7.0.jar;C:\Users\000U69744\.m2\repository\com\fasterxml\jackson\dataformat\jackson-dataformat-yaml\2.15.3\jackson-dataformat-yaml-2.15.3.jar;C:\Users\000U69744\.m2\repository\org\slf4j\slf4j-api\2.0.9\slf4j-api-2.0.9.jar;C:\Users\000U69744\.m2\repository\org\springframework\boot\spring-boot-starter-actuator\3.1.6\spring-boot-starter-actuator-3.1.6.jar;C:\Users\000U69744\.m2\repository\org\springframework\boot\spring-boot-starter\3.1.6\spring-boot-starter-3.1.6.jar;C:\Users\000U69744\.m2\repository\org\springframework\boot\spring-boot-starter-logging\3.1.6\spring-boot-starter-logging-3.1.6.jar;C:\Users\000U69744\.m2\repository\ch\qos\logback\logback-classic\1.4.11\logback-classic-1.4.11.jar;C:\Users\000U69744\.m2\repository\ch\qos\logback\logback-core\1.4.11\logback-core-1.4.11.jar;C:\Users\000U69744\.m2\repository\org\apache\logging\log4j\log4j-to-slf4j\2.20.0\log4j-to-slf4j-2.20.0.jar;C:\Users\000U69744\.m2\repository\org\apache\logging\log4j\log4j-api\2.20.0\log4j-api-2.20.0.jar;C:\Users\000U69744\.m2\repository\org\slf4j\jul-to-slf4j\2.0.9\jul-to-slf4j-2.0.9.jar;C:\Users\000U69744\.m2\repository\jakarta\annotation\jakarta.annotation-api\2.1.1\jakarta.annotation-api-2.1.1.jar;C:\Users\000U69744\.m2\repository\org\yaml\snakeyaml\1.33\snakeyaml-1.33.jar;C:\Users\000U69744\.m2\repository\org\springframework\boot\spring-boot-actuator-autoconfigure\3.1.6\spring-boot-actuator-autoconfigure-3.1.6.jar;C:\Users\000U69744\.m2\repository\org\springframework\boot\spring-boot-actuator\3.1.6\spring-boot-actuator-3.1.6.jar;C:\Users\000U69744\.m2\repository\io\micrometer\micrometer-observation\1.11.6\micrometer-observation-1.11.6.jar;C:\Users\000U69744\.m2\repository\io\micrometer\micrometer-commons\1.11.6\micrometer-commons-1.11.6.jar;C:\Users\000U69744\.m2\repository\io\micrometer\micrometer-core\1.11.6\micrometer-core-1.11.6.jar;C:\Users\000U69744\.m2\repository\org\hdrhistogram\HdrHistogram\2.1.12\HdrHistogram-2.1.12.jar;C:\Users\000U69744\.m2\repository\org\latencyutils\LatencyUtils\2.0.3\LatencyUtils-2.0.3.jar;C:\Users\000U69744\.m2\repository\io\micrometer\micrometer-registry-prometheus\1.11.6\micrometer-registry-prometheus-1.11.6.jar;C:\Users\000U69744\.m2\repository\io\prometheus\simpleclient_common\0.16.0\simpleclient_common-0.16.0.jar;C:\Users\000U69744\.m2\repository\io\opentelemetry\instrumentation\opentelemetry-spring-boot-starter\1.32.0-alpha\opentelemetry-spring-boot-starter-1.32.0-alpha.jar;C:\Users\000U69744\.m2\repository\org\springframework\boot\spring-boot-starter-aop\3.1.6\spring-boot-starter-aop-3.1.6.jar;C:\Users\000U69744\.m2\repository\org\springframework\spring-aop\6.0.14\spring-aop-6.0.14.jar;C:\Users\000U69744\.m2\repository\org\aspectj\aspectjweaver\1.9.20.1\aspectjweaver-1.9.20.1.jar;C:\Users\000U69744\.m2\repository\io\opentelemetry\instrumentation\opentelemetry-spring-boot\1.32.0-alpha\opentelemetry-spring-boot-1.32.0-alpha.jar;C:\Users\000U69744\.m2\repository\javax\validation\validation-api\2.0.1.Final\validation-api-2.0.1.Final.jar;C:\Users\000U69744\.m2\repository\io\opentelemetry\instrumentation\opentelemetry-instrumentation-annotations-support\1.32.0-alpha\opentelemetry-instrumentation-annotations-support-1.32.0-alpha.jar;C:\Users\000U69744\.m2\repository\io\opentelemetry\instrumentation\opentelemetry-kafka-clients-2.6\1.32.0-alpha\opentelemetry-kafka-clients-2.6-1.32.0-alpha.jar;C:\Users\000U69744\.m2\repository\io\opentelemetry\instrumentation\opentelemetry-kafka-clients-common\1.32.0-alpha\opentelemetry-kafka-clients-common-1.32.0-alpha.jar;C:\Users\000U69744\.m2\repository\io\opentelemetry\instrumentation\opentelemetry-spring-kafka-2.7\1.32.0-alpha\opentelemetry-spring-kafka-2.7-1.32.0-alpha.jar;C:\Users\000U69744\.m2\repository\io\opentelemetry\instrumentation\opentelemetry-spring-web-3.1\1.32.0-alpha\opentelemetry-spring-web-3.1-1.32.0-alpha.jar;C:\Users\000U69744\.m2\repository\io\opentelemetry\instrumentation\opentelemetry-spring-webmvc-5.3\1.32.0-alpha\opentelemetry-spring-webmvc-5.3-1.32.0-alpha.jar;C:\Users\000U69744\.m2\repository\io\opentelemetry\instrumentation\opentelemetry-spring-webmvc-6.0\1.32.0-alpha\opentelemetry-spring-webmvc-6.0-1.32.0-alpha.jar;C:\Users\000U69744\.m2\repository\io\opentelemetry\instrumentation\opentelemetry-spring-webflux-5.3\1.32.0-alpha\opentelemetry-spring-webflux-5.3-1.32.0-alpha.jar;C:\Users\000U69744\.m2\repository\io\opentelemetry\instrumentation\opentelemetry-reactor-3.1\1.32.0-alpha\opentelemetry-reactor-3.1-1.32.0-alpha.jar;C:\Users\000U69744\.m2\repository\io\opentelemetry\instrumentation\opentelemetry-micrometer-1.5\1.32.0-alpha\opentelemetry-micrometer-1.5-1.32.0-alpha.jar;C:\Users\000U69744\.m2\repository\io\opentelemetry\instrumentation\opentelemetry-log4j-appender-2.17\1.32.0-alpha\opentelemetry-log4j-appender-2.17-1.32.0-alpha.jar;C:\Users\000U69744\.m2\repository\io\opentelemetry\instrumentation\opentelemetry-logback-appender-1.0\1.32.0-alpha\opentelemetry-logback-appender-1.0-1.32.0-alpha.jar;C:\Users\000U69744\.m2\repository\io\opentelemetry\instrumentation\opentelemetry-jdbc\1.32.0-alpha\opentelemetry-jdbc-1.32.0-alpha.jar;C:\Users\000U69744\.m2\repository\io\opentelemetry\opentelemetry-sdk-extension-autoconfigure-spi\1.25.0\opentelemetry-sdk-extension-autoconfigure-spi-1.25.0.jar;C:\Users\000U69744\.m2\repository\io\opentelemetry\opentelemetry-sdk-metrics\1.25.0\opentelemetry-sdk-metrics-1.25.0.jar;C:\Users\000U69744\.m2\repository\io\opentelemetry\opentelemetry-sdk-logs\1.25.0-alpha\opentelemetry-sdk-logs-1.25.0-alpha.jar;C:\Users\000U69744\.m2\repository\io\opentelemetry\opentelemetry-api-logs\1.25.0-alpha\opentelemetry-api-logs-1.25.0-alpha.jar;C:\Users\000U69744\.m2\repository\io\opentelemetry\opentelemetry-api-events\1.25.0-alpha\opentelemetry-api-events-1.25.0-alpha.jar;C:\Users\000U69744\.m2\repository\io\opentelemetry\opentelemetry-api\1.25.0\opentelemetry-api-1.25.0.jar;C:\Users\000U69744\.m2\repository\io\opentelemetry\opentelemetry-context\1.25.0\opentelemetry-context-1.25.0.jar;C:\Users\000U69744\.m2\repository\io\opentelemetry\opentelemetry-exporter-logging\1.25.0\opentelemetry-exporter-logging-1.25.0.jar;C:\Users\000U69744\.m2\repository\io\opentelemetry\opentelemetry-exporter-otlp\1.25.0\opentelemetry-exporter-otlp-1.25.0.jar;C:\Users\000U69744\.m2\repository\io\opentelemetry\opentelemetry-sdk-trace\1.25.0\opentelemetry-sdk-trace-1.25.0.jar;C:\Users\000U69744\.m2\repository\io\opentelemetry\opentelemetry-semconv\1.25.0-alpha\opentelemetry-semconv-1.25.0-alpha.jar;C:\Users\000U69744\.m2\repository\io\opentelemetry\opentelemetry-exporter-otlp-common\1.25.0\opentelemetry-exporter-otlp-common-1.25.0.jar;C:\Users\000U69744\.m2\repository\io\opentelemetry\opentelemetry-exporter-common\1.25.0\opentelemetry-exporter-common-1.25.0.jar;C:\Users\000U69744\.m2\repository\com\squareup\okhttp3\okhttp\4.10.0\okhttp-4.10.0.jar;C:\Users\000U69744\.m2\repository\com\squareup\okio\okio-jvm\3.0.0\okio-jvm-3.0.0.jar;C:\Users\000U69744\.m2\repository\org\jetbrains\kotlin\kotlin-stdlib-jdk8\1.8.22\kotlin-stdlib-jdk8-1.8.22.jar;C:\Users\000U69744\.m2\repository\org\jetbrains\kotlin\kotlin-stdlib-jdk7\1.8.22\kotlin-stdlib-jdk7-1.8.22.jar;C:\Users\000U69744\.m2\repository\org\jetbrains\kotlin\kotlin-stdlib-common\1.8.22\kotlin-stdlib-common-1.8.22.jar;C:\Users\000U69744\.m2\repository\org\jetbrains\kotlin\kotlin-stdlib\1.8.22\kotlin-stdlib-1.8.22.jar;C:\Users\000U69744\.m2\repository\org\jetbrains\annotations\13.0\annotations-13.0.jar;C:\Users\000U69744\.m2\repository\io\opentelemetry\opentelemetry-sdk\1.25.0\opentelemetry-sdk-1.25.0.jar;C:\Users\000U69744\.m2\repository\io\opentelemetry\opentelemetry-sdk-common\1.25.0\opentelemetry-sdk-common-1.25.0.jar;C:\Users\000U69744\.m2\repository\io\opentelemetry\instrumentation\opentelemetry-instrumentation-annotations\1.32.0\opentelemetry-instrumentation-annotations-1.32.0.jar;C:\Users\000U69744\.m2\repository\io\opentelemetry\instrumentation\opentelemetry-logback-mdc-1.0\1.32.0-alpha\opentelemetry-logback-mdc-1.0-1.32.0-alpha.jar;C:\Users\000U69744\.m2\repository\io\opentelemetry\instrumentation\opentelemetry-instrumentation-api\1.32.0\opentelemetry-instrumentation-api-1.32.0.jar;C:\Users\000U69744\.m2\repository\io\opentelemetry\opentelemetry-extension-incubator\1.32.0-alpha\opentelemetry-extension-incubator-1.32.0-alpha.jar;C:\Users\000U69744\.m2\repository\io\opentelemetry\instrumentation\opentelemetry-instrumentation-api-semconv\1.32.0-alpha\opentelemetry-instrumentation-api-semconv-1.32.0-alpha.jar;C:\Users\000U69744\.m2\repository\io\opentelemetry\semconv\opentelemetry-semconv\1.21.0-alpha\opentelemetry-semconv-1.21.0-alpha.jar;C:\Users\000U69744\.m2\repository\io\opentelemetry\opentelemetry-exporters-prometheus\0.9.1\opentelemetry-exporters-prometheus-0.9.1.jar;C:\Users\000U69744\.m2\repository\io\prometheus\simpleclient\0.16.0\simpleclient-0.16.0.jar;C:\Users\000U69744\.m2\repository\io\prometheus\simpleclient_tracer_otel\0.16.0\simpleclient_tracer_otel-0.16.0.jar;C:\Users\000U69744\.m2\repository\io\prometheus\simpleclient_tracer_common\0.16.0\simpleclient_tracer_common-0.16.0.jar;C:\Users\000U69744\.m2\repository\io\prometheus\simpleclient_tracer_otel_agent\0.16.0\simpleclient_tracer_otel_agent-0.16.0.jar;C:\Users\000U69744\.m2\repository\org\springframework\boot\spring-boot-starter-web\3.1.6\spring-boot-starter-web-3.1.6.jar;C:\Users\000U69744\.m2\repository\org\springframework\boot\spring-boot-starter-json\3.1.6\spring-boot-starter-json-3.1.6.jar;C:\Users\000U69744\.m2\repository\com\fasterxml\jackson\datatype\jackson-datatype-jdk8\2.15.3\jackson-datatype-jdk8-2.15.3.jar;C:\Users\000U69744\.m2\repository\org\springframework\boot\spring-boot-starter-tomcat\3.1.6\spring-boot-starter-tomcat-3.1.6.jar;C:\Users\000U69744\.m2\repository\org\apache\tomcat\embed\tomcat-embed-core\10.1.16\tomcat-embed-core-10.1.16.jar;C:\Users\000U69744\.m2\repository\org\apache\tomcat\embed\tomcat-embed-websocket\10.1.16\tomcat-embed-websocket-10.1.16.jar;C:\Users\000U69744\.m2\repository\org\springframework\spring-web\6.0.14\spring-web-6.0.14.jar;C:\Users\000U69744\.m2\repository\org\springframework\spring-beans\6.0.14\spring-beans-6.0.14.jar;C:\Users\000U69744\.m2\repository\org\springframework\spring-webmvc\6.0.14\spring-webmvc-6.0.14.jar;C:\Users\000U69744\.m2\repository\org\springframework\spring-context\6.0.14\spring-context-6.0.14.jar;C:\Users\000U69744\.m2\repository\org\springframework\spring-expression\6.0.14\spring-expression-6.0.14.jar;C:\Users\000U69744\.m2\repository\org\glassfish\jaxb\jaxb-runtime\4.0.4\jaxb-runtime-4.0.4.jar;C:\Users\000U69744\.m2\repository\org\glassfish\jaxb\jaxb-core\4.0.4\jaxb-core-4.0.4.jar;C:\Users\000U69744\.m2\repository\jakarta\activation\jakarta.activation-api\2.1.2\jakarta.activation-api-2.1.2.jar;C:\Users\000U69744\.m2\repository\org\eclipse\angus\angus-activation\2.0.1\angus-activation-2.0.1.jar;C:\Users\000U69744\.m2\repository\org\glassfish\jaxb\txw2\4.0.4\txw2-4.0.4.jar;C:\Users\000U69744\.m2\repository\com\sun\istack\istack-commons-runtime\4.1.2\istack-commons-runtime-4.1.2.jar;C:\Users\000U69744\.m2\repository\org\springframework\boot\spring-boot-devtools\3.1.6\spring-boot-devtools-3.1.6.jar;C:\Users\000U69744\.m2\repository\org\springframework\boot\spring-boot\3.1.6\spring-boot-3.1.6.jar;C:\Users\000U69744\.m2\repository\org\springframework\boot\spring-boot-autoconfigure\3.1.6\spring-boot-autoconfigure-3.1.6.jar;C:\Users\000U69744\.m2\repository\org\springframework\boot\spring-boot-starter-validation\3.1.6\spring-boot-starter-validation-3.1.6.jar;C:\Users\000U69744\.m2\repository\org\apache\tomcat\embed\tomcat-embed-el\10.1.16\tomcat-embed-el-10.1.16.jar;C:\Users\000U69744\.m2\repository\org\hibernate\validator\hibernate-validator\8.0.1.Final\hibernate-validator-8.0.1.Final.jar;C:\Users\000U69744\.m2\repository\jakarta\validation\jakarta.validation-api\3.0.2\jakarta.validation-api-3.0.2.jar;C:\Users\000U69744\.m2\repository\org\jboss\logging\jboss-logging\3.5.3.Final\jboss-logging-3.5.3.Final.jar;C:\Users\000U69744\.m2\repository\com\fasterxml\classmate\1.5.1\classmate-1.5.1.jar;C:\Users\000U69744\.m2\repository\org\projectlombok\lombok\1.18.30\lombok-1.18.30.jar;C:\Users\000U69744\.m2\repository\org\springframework\boot\spring-boot-docker-compose\3.1.6\spring-boot-docker-compose-3.1.6.jar;C:\Users\000U69744\.m2\repository\com\fasterxml\jackson\module\jackson-module-parameter-names\2.15.3\jackson-module-parameter-names-2.15.3.jar;C:\Users\000U69744\.m2\repository\org\springframework\boot\spring-boot-starter-test\3.1.6\spring-boot-starter-test-3.1.6.jar;C:\Users\000U69744\.m2\repository\org\springframework\boot\spring-boot-test\3.1.6\spring-boot-test-3.1.6.jar;C:\Users\000U69744\.m2\repository\org\springframework\boot\spring-boot-test-autoconfigure\3.1.6\spring-boot-test-autoconfigure-3.1.6.jar;C:\Users\000U69744\.m2\repository\jakarta\xml\bind\jakarta.xml.bind-api\4.0.1\jakarta.xml.bind-api-4.0.1.jar;C:\Users\000U69744\.m2\repository\net\minidev\json-smart\2.4.11\json-smart-2.4.11.jar;C:\Users\000U69744\.m2\repository\net\minidev\accessors-smart\2.4.11\accessors-smart-2.4.11.jar;C:\Users\000U69744\.m2\repository\org\assertj\assertj-core\3.24.2\assertj-core-3.24.2.jar;C:\Users\000U69744\.m2\repository\net\bytebuddy\byte-buddy\1.14.10\byte-buddy-1.14.10.jar;C:\Users\000U69744\.m2\repository\org\hamcrest\hamcrest\2.2\hamcrest-2.2.jar;C:\Users\000U69744\.m2\repository\org\junit\jupiter\junit-jupiter\5.9.3\junit-jupiter-5.9.3.jar;C:\Users\000U69744\.m2\repository\org\junit\jupiter\junit-jupiter-params\5.9.3\junit-jupiter-params-5.9.3.jar;C:\Users\000U69744\.m2\repository\org\junit\jupiter\junit-jupiter-engine\5.9.3\junit-jupiter-engine-5.9.3.jar;C:\Users\000U69744\.m2\repository\org\junit\platform\junit-platform-engine\1.9.3\junit-platform-engine-1.9.3.jar;C:\Users\000U69744\.m2\repository\org\mockito\mockito-core\5.3.1\mockito-core-5.3.1.jar;C:\Users\000U69744\.m2\repository\net\bytebuddy\byte-buddy-agent\1.14.10\byte-buddy-agent-1.14.10.jar;C:\Users\000U69744\.m2\repository\org\objenesis\objenesis\3.3\objenesis-3.3.jar;C:\Users\000U69744\.m2\repository\org\skyscreamer\jsonassert\1.5.1\jsonassert-1.5.1.jar;C:\Users\000U69744\.m2\repository\com\vaadin\external\google\android-json\0.0.20131108.vaadin1\android-json-0.0.20131108.vaadin1.jar;C:\Users\000U69744\.m2\repository\org\springframework\spring-core\6.0.14\spring-core-6.0.14.jar;C:\Users\000U69744\.m2\repository\org\springframework\spring-jcl\6.0.14\spring-jcl-6.0.14.jar;C:\Users\000U69744\.m2\repository\org\springframework\spring-test\6.0.14\spring-test-6.0.14.jar;C:\Users\000U69744\.m2\repository\org\codehaus\janino\janino\3.1.10\janino-3.1.10.jar;C:\Users\000U69744\.m2\repository\org\codehaus\janino\commons-compiler\3.1.10\commons-compiler-3.1.10.jar;C:\Users\000U69744\.m2\repository\net\logstash\logback\logstash-logback-encoder\7.4\logstash-logback-encoder-7.4.jar;C:\Users\000U69744\.m2\repository\com\google\code\gson\gson\2.10.1\gson-2.10.1.jar;C:\Users\000U69744\.m2\repository\org\springdoc\springdoc-openapi-starter-webmvc-ui\2.2.0\springdoc-openapi-starter-webmvc-ui-2.2.0.jar;C:\Users\000U69744\.m2\repository\org\springdoc\springdoc-openapi-starter-webmvc-api\2.2.0\springdoc-openapi-starter-webmvc-api-2.2.0.jar;C:\Users\000U69744\.m2\repository\org\springdoc\springdoc-openapi-starter-common\2.2.0\springdoc-openapi-starter-common-2.2.0.jar;C:\Users\000U69744\.m2\repository\io\swagger\core\v3\swagger-core-jakarta\2.2.15\swagger-core-jakarta-2.2.15.jar;C:\Users\000U69744\.m2\repository\io\swagger\core\v3\swagger-annotations-jakarta\2.2.15\swagger-annotations-jakarta-2.2.15.jar;C:\Users\000U69744\.m2\repository\io\swagger\core\v3\swagger-models-jakarta\2.2.15\swagger-models-jakarta-2.2.15.jar;C:\Users\000U69744\.m2\repository\org\webjars\swagger-ui\5.2.0\swagger-ui-5.2.0.jar;C:\Users\000U69744\.m2\repository\org\mockito\mockito-junit-jupiter\5.3.1\mockito-junit-jupiter-5.3.1.jar;C:\Users\000U69744\.m2\repository\org\junit\jupiter\junit-jupiter-api\5.9.3\junit-jupiter-api-5.9.3.jar;C:\Users\000U69744\.m2\repository\org\opentest4j\opentest4j\1.2.0\opentest4j-1.2.0.jar;C:\Users\000U69744\.m2\repository\org\junit\platform\junit-platform-commons\1.9.3\junit-platform-commons-1.9.3.jar;C:\Users\000U69744\.m2\repository\org\apiguardian\apiguardian-api\1.1.2\apiguardian-api-1.1.2.jar;"/>
    <property name="java.vm.vendor" value="Oracle Corporation"/>
    <property name="sun.arch.data.model" value="64"/>
    <property name="user.variant" value=""/>
    <property name="java.vendor.url" value="https://java.oracle.com/"/>
    <property name="user.timezone" value="Asia/Calcutta"/>
    <property name="org.jboss.logging.provider" value="slf4j"/>
    <property name="os.name" value="Windows 11"/>
    <property name="java.vm.specification.version" value="17"/>
    <property name="sun.java.launcher" value="SUN_STANDARD"/>
    <property name="user.country" value="IN"/>
    <property name="sun.boot.library.path" value="C:\Program Files\Java\jdk-17\bin"/>
    <property name="sun.java.command" value="C:\Users\000U69744\AppData\Local\Temp\surefire75056212815298435\surefirebooter-20231213203128884_7.jar C:\Users\000U69744\AppData\Local\Temp\surefire75056212815298435 2023-12-13T20-31-05_535-jvmRun1 surefire-20231213203128884_5tmp surefire_1-20231213203128884_6tmp"/>
    <property name="jdk.debug" value="release"/>
    <property name="surefire.test.class.path" value="C:\Users\000U69744\IdeaProjects\ps-assignment\Book4Fun\booking-service\target\test-classes;C:\Users\000U69744\IdeaProjects\ps-assignment\Book4Fun\booking-service\target\classes;C:\Users\000U69744\.m2\repository\com\playtika\reactivefeign\feign-reactor-spring-configuration\4.0.3\feign-reactor-spring-configuration-4.0.3.jar;C:\Users\000U69744\.m2\repository\com\playtika\reactivefeign\feign-reactor-core\4.0.3\feign-reactor-core-4.0.3.jar;C:\Users\000U69744\.m2\repository\io\projectreactor\reactor-core\3.5.12\reactor-core-3.5.12.jar;C:\Users\000U69744\.m2\repository\org\reactivestreams\reactive-streams\1.0.4\reactive-streams-1.0.4.jar;C:\Users\000U69744\.m2\repository\io\github\openfeign\feign-core\12.4\feign-core-12.4.jar;C:\Users\000U69744\.m2\repository\org\springframework\cloud\spring-cloud-commons\4.0.4\spring-cloud-commons-4.0.4.jar;C:\Users\000U69744\.m2\repository\org\springframework\security\spring-security-crypto\6.1.5\spring-security-crypto-6.1.5.jar;C:\Users\000U69744\.m2\repository\org\springframework\cloud\spring-cloud-context\4.0.4\spring-cloud-context-4.0.4.jar;C:\Users\000U69744\.m2\repository\org\springframework\cloud\spring-cloud-openfeign-core\4.0.4\spring-cloud-openfeign-core-4.0.4.jar;C:\Users\000U69744\.m2\repository\io\github\openfeign\form\feign-form-spring\3.8.0\feign-form-spring-3.8.0.jar;C:\Users\000U69744\.m2\repository\io\github\openfeign\form\feign-form\3.8.0\feign-form-3.8.0.jar;C:\Users\000U69744\.m2\repository\com\playtika\reactivefeign\feign-reactor-cloud\4.0.3\feign-reactor-cloud-4.0.3.jar;C:\Users\000U69744\.m2\repository\org\springframework\cloud\spring-cloud-starter-loadbalancer\4.0.4\spring-cloud-starter-loadbalancer-4.0.4.jar;C:\Users\000U69744\.m2\repository\org\springframework\cloud\spring-cloud-starter\4.0.4\spring-cloud-starter-4.0.4.jar;C:\Users\000U69744\.m2\repository\org\springframework\security\spring-security-rsa\1.0.12.RELEASE\spring-security-rsa-1.0.12.RELEASE.jar;C:\Users\000U69744\.m2\repository\org\bouncycastle\bcpkix-jdk18on\1.73\bcpkix-jdk18on-1.73.jar;C:\Users\000U69744\.m2\repository\org\bouncycastle\bcprov-jdk18on\1.73\bcprov-jdk18on-1.73.jar;C:\Users\000U69744\.m2\repository\org\bouncycastle\bcutil-jdk18on\1.73\bcutil-jdk18on-1.73.jar;C:\Users\000U69744\.m2\repository\org\springframework\cloud\spring-cloud-loadbalancer\4.0.4\spring-cloud-loadbalancer-4.0.4.jar;C:\Users\000U69744\.m2\repository\io\projectreactor\addons\reactor-extra\3.5.1\reactor-extra-3.5.1.jar;C:\Users\000U69744\.m2\repository\org\springframework\boot\spring-boot-starter-cache\3.1.6\spring-boot-starter-cache-3.1.6.jar;C:\Users\000U69744\.m2\repository\org\springframework\spring-context-support\6.0.14\spring-context-support-6.0.14.jar;C:\Users\000U69744\.m2\repository\com\stoyanr\evictor\1.0.0\evictor-1.0.0.jar;C:\Users\000U69744\.m2\repository\com\playtika\reactivefeign\feign-reactor-webclient\4.0.3\feign-reactor-webclient-4.0.3.jar;C:\Users\000U69744\.m2\repository\com\playtika\reactivefeign\feign-reactor-webclient-core\4.0.3\feign-reactor-webclient-core-4.0.3.jar;C:\Users\000U69744\.m2\repository\org\springframework\spring-webflux\6.0.14\spring-webflux-6.0.14.jar;C:\Users\000U69744\.m2\repository\io\projectreactor\netty\reactor-netty-http\1.1.13\reactor-netty-http-1.1.13.jar;C:\Users\000U69744\.m2\repository\io\netty\netty-codec-http\4.1.101.Final\netty-codec-http-4.1.101.Final.jar;C:\Users\000U69744\.m2\repository\io\netty\netty-common\4.1.101.Final\netty-common-4.1.101.Final.jar;C:\Users\000U69744\.m2\repository\io\netty\netty-buffer\4.1.101.Final\netty-buffer-4.1.101.Final.jar;C:\Users\000U69744\.m2\repository\io\netty\netty-transport\4.1.101.Final\netty-transport-4.1.101.Final.jar;C:\Users\000U69744\.m2\repository\io\netty\netty-codec\4.1.101.Final\netty-codec-4.1.101.Final.jar;C:\Users\000U69744\.m2\repository\io\netty\netty-handler\4.1.101.Final\netty-handler-4.1.101.Final.jar;C:\Users\000U69744\.m2\repository\io\netty\netty-codec-http2\4.1.101.Final\netty-codec-http2-4.1.101.Final.jar;C:\Users\000U69744\.m2\repository\io\netty\netty-resolver-dns\4.1.101.Final\netty-resolver-dns-4.1.101.Final.jar;C:\Users\000U69744\.m2\repository\io\netty\netty-resolver\4.1.101.Final\netty-resolver-4.1.101.Final.jar;C:\Users\000U69744\.m2\repository\io\netty\netty-codec-dns\4.1.101.Final\netty-codec-dns-4.1.101.Final.jar;C:\Users\000U69744\.m2\repository\io\netty\netty-resolver-dns-native-macos\4.1.101.Final\netty-resolver-dns-native-macos-4.1.101.Final-osx-x86_64.jar;C:\Users\000U69744\.m2\repository\io\netty\netty-resolver-dns-classes-macos\4.1.101.Final\netty-resolver-dns-classes-macos-4.1.101.Final.jar;C:\Users\000U69744\.m2\repository\io\netty\netty-transport-native-epoll\4.1.101.Final\netty-transport-native-epoll-4.1.101.Final-linux-x86_64.jar;C:\Users\000U69744\.m2\repository\io\netty\netty-transport-native-unix-common\4.1.101.Final\netty-transport-native-unix-common-4.1.101.Final.jar;C:\Users\000U69744\.m2\repository\io\netty\netty-transport-classes-epoll\4.1.101.Final\netty-transport-classes-epoll-4.1.101.Final.jar;C:\Users\000U69744\.m2\repository\io\projectreactor\netty\reactor-netty-core\1.1.13\reactor-netty-core-1.1.13.jar;C:\Users\000U69744\.m2\repository\io\netty\netty-handler-proxy\4.1.101.Final\netty-handler-proxy-4.1.101.Final.jar;C:\Users\000U69744\.m2\repository\io\netty\netty-codec-socks\4.1.101.Final\netty-codec-socks-4.1.101.Final.jar;C:\Users\000U69744\.m2\repository\org\wiremock\wiremock\3.0.1\wiremock-3.0.1.jar;C:\Users\000U69744\.m2\repository\org\eclipse\jetty\jetty-server\11.0.18\jetty-server-11.0.18.jar;C:\Users\000U69744\.m2\repository\org\eclipse\jetty\toolchain\jetty-jakarta-servlet-api\5.0.2\jetty-jakarta-servlet-api-5.0.2.jar;C:\Users\000U69744\.m2\repository\org\eclipse\jetty\jetty-http\11.0.18\jetty-http-11.0.18.jar;C:\Users\000U69744\.m2\repository\org\eclipse\jetty\jetty-io\11.0.18\jetty-io-11.0.18.jar;C:\Users\000U69744\.m2\repository\org\eclipse\jetty\jetty-servlet\11.0.18\jetty-servlet-11.0.18.jar;C:\Users\000U69744\.m2\repository\org\eclipse\jetty\jetty-security\11.0.18\jetty-security-11.0.18.jar;C:\Users\000U69744\.m2\repository\org\eclipse\jetty\jetty-servlets\11.0.18\jetty-servlets-11.0.18.jar;C:\Users\000U69744\.m2\repository\org\eclipse\jetty\jetty-util\11.0.18\jetty-util-11.0.18.jar;C:\Users\000U69744\.m2\repository\org\eclipse\jetty\jetty-webapp\11.0.18\jetty-webapp-11.0.18.jar;C:\Users\000U69744\.m2\repository\org\eclipse\jetty\jetty-xml\11.0.18\jetty-xml-11.0.18.jar;C:\Users\000U69744\.m2\repository\org\eclipse\jetty\jetty-proxy\11.0.18\jetty-proxy-11.0.18.jar;C:\Users\000U69744\.m2\repository\org\eclipse\jetty\jetty-client\11.0.18\jetty-client-11.0.18.jar;C:\Users\000U69744\.m2\repository\org\eclipse\jetty\http2\http2-server\11.0.18\http2-server-11.0.18.jar;C:\Users\000U69744\.m2\repository\org\eclipse\jetty\http2\http2-common\11.0.18\http2-common-11.0.18.jar;C:\Users\000U69744\.m2\repository\org\eclipse\jetty\http2\http2-hpack\11.0.18\http2-hpack-11.0.18.jar;C:\Users\000U69744\.m2\repository\org\eclipse\jetty\jetty-alpn-server\11.0.18\jetty-alpn-server-11.0.18.jar;C:\Users\000U69744\.m2\repository\org\eclipse\jetty\jetty-alpn-java-server\11.0.18\jetty-alpn-java-server-11.0.18.jar;C:\Users\000U69744\.m2\repository\org\eclipse\jetty\jetty-alpn-java-client\11.0.18\jetty-alpn-java-client-11.0.18.jar;C:\Users\000U69744\.m2\repository\org\eclipse\jetty\jetty-alpn-client\11.0.18\jetty-alpn-client-11.0.18.jar;C:\Users\000U69744\.m2\repository\com\google\guava\guava\32.1.2-jre\guava-32.1.2-jre.jar;C:\Users\000U69744\.m2\repository\com\google\guava\failureaccess\1.0.1\failureaccess-1.0.1.jar;C:\Users\000U69744\.m2\repository\com\google\guava\listenablefuture\9999.0-empty-to-avoid-conflict-with-guava\listenablefuture-9999.0-empty-to-avoid-conflict-with-guava.jar;C:\Users\000U69744\.m2\repository\org\checkerframework\checker-qual\3.33.0\checker-qual-3.33.0.jar;C:\Users\000U69744\.m2\repository\com\google\errorprone\error_prone_annotations\2.18.0\error_prone_annotations-2.18.0.jar;C:\Users\000U69744\.m2\repository\com\google\j2objc\j2objc-annotations\2.8\j2objc-annotations-2.8.jar;C:\Users\000U69744\.m2\repository\com\fasterxml\jackson\core\jackson-core\2.15.3\jackson-core-2.15.3.jar;C:\Users\000U69744\.m2\repository\com\fasterxml\jackson\core\jackson-annotations\2.15.3\jackson-annotations-2.15.3.jar;C:\Users\000U69744\.m2\repository\com\fasterxml\jackson\core\jackson-databind\2.15.3\jackson-databind-2.15.3.jar;C:\Users\000U69744\.m2\repository\com\fasterxml\jackson\datatype\jackson-datatype-jsr310\2.15.3\jackson-datatype-jsr310-2.15.3.jar;C:\Users\000U69744\.m2\repository\org\apache\httpcomponents\client5\httpclient5\5.2.1\httpclient5-5.2.1.jar;C:\Users\000U69744\.m2\repository\org\apache\httpcomponents\core5\httpcore5\5.2.3\httpcore5-5.2.3.jar;C:\Users\000U69744\.m2\repository\org\apache\httpcomponents\core5\httpcore5-h2\5.2.3\httpcore5-h2-5.2.3.jar;C:\Users\000U69744\.m2\repository\org\xmlunit\xmlunit-core\2.9.1\xmlunit-core-2.9.1.jar;C:\Users\000U69744\.m2\repository\org\xmlunit\xmlunit-legacy\2.9.1\xmlunit-legacy-2.9.1.jar;C:\Users\000U69744\.m2\repository\org\xmlunit\xmlunit-placeholders\2.9.1\xmlunit-placeholders-2.9.1.jar;C:\Users\000U69744\.m2\repository\net\javacrumbs\json-unit\json-unit-core\2.38.0\json-unit-core-2.38.0.jar;C:\Users\000U69744\.m2\repository\org\hamcrest\hamcrest-core\2.2\hamcrest-core-2.2.jar;C:\Users\000U69744\.m2\repository\com\jayway\jsonpath\json-path\2.8.0\json-path-2.8.0.jar;C:\Users\000U69744\.m2\repository\org\ow2\asm\asm\9.5\asm-9.5.jar;C:\Users\000U69744\.m2\repository\net\sf\jopt-simple\jopt-simple\5.0.4\jopt-simple-5.0.4.jar;C:\Users\000U69744\.m2\repository\org\apache\commons\commons-lang3\3.12.0\commons-lang3-3.12.0.jar;C:\Users\000U69744\.m2\repository\com\github\jknack\handlebars\4.3.1\handlebars-4.3.1.jar;C:\Users\000U69744\.m2\repository\com\github\jknack\handlebars-helpers\4.3.1\handlebars-helpers-4.3.1.jar;C:\Users\000U69744\.m2\repository\commons-fileupload\commons-fileupload\1.5\commons-fileupload-1.5.jar;C:\Users\000U69744\.m2\repository\commons-io\commons-io\2.13.0\commons-io-2.13.0.jar;C:\Users\000U69744\.m2\repository\com\networknt\json-schema-validator\1.0.86\json-schema-validator-1.0.86.jar;C:\Users\000U69744\.m2\repository\com\ethlo\time\itu\1.7.0\itu-1.7.0.jar;C:\Users\000U69744\.m2\repository\com\fasterxml\jackson\dataformat\jackson-dataformat-yaml\2.15.3\jackson-dataformat-yaml-2.15.3.jar;C:\Users\000U69744\.m2\repository\org\slf4j\slf4j-api\2.0.9\slf4j-api-2.0.9.jar;C:\Users\000U69744\.m2\repository\org\springframework\boot\spring-boot-starter-actuator\3.1.6\spring-boot-starter-actuator-3.1.6.jar;C:\Users\000U69744\.m2\repository\org\springframework\boot\spring-boot-starter\3.1.6\spring-boot-starter-3.1.6.jar;C:\Users\000U69744\.m2\repository\org\springframework\boot\spring-boot-starter-logging\3.1.6\spring-boot-starter-logging-3.1.6.jar;C:\Users\000U69744\.m2\repository\ch\qos\logback\logback-classic\1.4.11\logback-classic-1.4.11.jar;C:\Users\000U69744\.m2\repository\ch\qos\logback\logback-core\1.4.11\logback-core-1.4.11.jar;C:\Users\000U69744\.m2\repository\org\apache\logging\log4j\log4j-to-slf4j\2.20.0\log4j-to-slf4j-2.20.0.jar;C:\Users\000U69744\.m2\repository\org\apache\logging\log4j\log4j-api\2.20.0\log4j-api-2.20.0.jar;C:\Users\000U69744\.m2\repository\org\slf4j\jul-to-slf4j\2.0.9\jul-to-slf4j-2.0.9.jar;C:\Users\000U69744\.m2\repository\jakarta\annotation\jakarta.annotation-api\2.1.1\jakarta.annotation-api-2.1.1.jar;C:\Users\000U69744\.m2\repository\org\yaml\snakeyaml\1.33\snakeyaml-1.33.jar;C:\Users\000U69744\.m2\repository\org\springframework\boot\spring-boot-actuator-autoconfigure\3.1.6\spring-boot-actuator-autoconfigure-3.1.6.jar;C:\Users\000U69744\.m2\repository\org\springframework\boot\spring-boot-actuator\3.1.6\spring-boot-actuator-3.1.6.jar;C:\Users\000U69744\.m2\repository\io\micrometer\micrometer-observation\1.11.6\micrometer-observation-1.11.6.jar;C:\Users\000U69744\.m2\repository\io\micrometer\micrometer-commons\1.11.6\micrometer-commons-1.11.6.jar;C:\Users\000U69744\.m2\repository\io\micrometer\micrometer-core\1.11.6\micrometer-core-1.11.6.jar;C:\Users\000U69744\.m2\repository\org\hdrhistogram\HdrHistogram\2.1.12\HdrHistogram-2.1.12.jar;C:\Users\000U69744\.m2\repository\org\latencyutils\LatencyUtils\2.0.3\LatencyUtils-2.0.3.jar;C:\Users\000U69744\.m2\repository\io\micrometer\micrometer-registry-prometheus\1.11.6\micrometer-registry-prometheus-1.11.6.jar;C:\Users\000U69744\.m2\repository\io\prometheus\simpleclient_common\0.16.0\simpleclient_common-0.16.0.jar;C:\Users\000U69744\.m2\repository\io\opentelemetry\instrumentation\opentelemetry-spring-boot-starter\1.32.0-alpha\opentelemetry-spring-boot-starter-1.32.0-alpha.jar;C:\Users\000U69744\.m2\repository\org\springframework\boot\spring-boot-starter-aop\3.1.6\spring-boot-starter-aop-3.1.6.jar;C:\Users\000U69744\.m2\repository\org\springframework\spring-aop\6.0.14\spring-aop-6.0.14.jar;C:\Users\000U69744\.m2\repository\org\aspectj\aspectjweaver\1.9.20.1\aspectjweaver-1.9.20.1.jar;C:\Users\000U69744\.m2\repository\io\opentelemetry\instrumentation\opentelemetry-spring-boot\1.32.0-alpha\opentelemetry-spring-boot-1.32.0-alpha.jar;C:\Users\000U69744\.m2\repository\javax\validation\validation-api\2.0.1.Final\validation-api-2.0.1.Final.jar;C:\Users\000U69744\.m2\repository\io\opentelemetry\instrumentation\opentelemetry-instrumentation-annotations-support\1.32.0-alpha\opentelemetry-instrumentation-annotations-support-1.32.0-alpha.jar;C:\Users\000U69744\.m2\repository\io\opentelemetry\instrumentation\opentelemetry-kafka-clients-2.6\1.32.0-alpha\opentelemetry-kafka-clients-2.6-1.32.0-alpha.jar;C:\Users\000U69744\.m2\repository\io\opentelemetry\instrumentation\opentelemetry-kafka-clients-common\1.32.0-alpha\opentelemetry-kafka-clients-common-1.32.0-alpha.jar;C:\Users\000U69744\.m2\repository\io\opentelemetry\instrumentation\opentelemetry-spring-kafka-2.7\1.32.0-alpha\opentelemetry-spring-kafka-2.7-1.32.0-alpha.jar;C:\Users\000U69744\.m2\repository\io\opentelemetry\instrumentation\opentelemetry-spring-web-3.1\1.32.0-alpha\opentelemetry-spring-web-3.1-1.32.0-alpha.jar;C:\Users\000U69744\.m2\repository\io\opentelemetry\instrumentation\opentelemetry-spring-webmvc-5.3\1.32.0-alpha\opentelemetry-spring-webmvc-5.3-1.32.0-alpha.jar;C:\Users\000U69744\.m2\repository\io\opentelemetry\instrumentation\opentelemetry-spring-webmvc-6.0\1.32.0-alpha\opentelemetry-spring-webmvc-6.0-1.32.0-alpha.jar;C:\Users\000U69744\.m2\repository\io\opentelemetry\instrumentation\opentelemetry-spring-webflux-5.3\1.32.0-alpha\opentelemetry-spring-webflux-5.3-1.32.0-alpha.jar;C:\Users\000U69744\.m2\repository\io\opentelemetry\instrumentation\opentelemetry-reactor-3.1\1.32.0-alpha\opentelemetry-reactor-3.1-1.32.0-alpha.jar;C:\Users\000U69744\.m2\repository\io\opentelemetry\instrumentation\opentelemetry-micrometer-1.5\1.32.0-alpha\opentelemetry-micrometer-1.5-1.32.0-alpha.jar;C:\Users\000U69744\.m2\repository\io\opentelemetry\instrumentation\opentelemetry-log4j-appender-2.17\1.32.0-alpha\opentelemetry-log4j-appender-2.17-1.32.0-alpha.jar;C:\Users\000U69744\.m2\repository\io\opentelemetry\instrumentation\opentelemetry-logback-appender-1.0\1.32.0-alpha\opentelemetry-logback-appender-1.0-1.32.0-alpha.jar;C:\Users\000U69744\.m2\repository\io\opentelemetry\instrumentation\opentelemetry-jdbc\1.32.0-alpha\opentelemetry-jdbc-1.32.0-alpha.jar;C:\Users\000U69744\.m2\repository\io\opentelemetry\opentelemetry-sdk-extension-autoconfigure-spi\1.25.0\opentelemetry-sdk-extension-autoconfigure-spi-1.25.0.jar;C:\Users\000U69744\.m2\repository\io\opentelemetry\opentelemetry-sdk-metrics\1.25.0\opentelemetry-sdk-metrics-1.25.0.jar;C:\Users\000U69744\.m2\repository\io\opentelemetry\opentelemetry-sdk-logs\1.25.0-alpha\opentelemetry-sdk-logs-1.25.0-alpha.jar;C:\Users\000U69744\.m2\repository\io\opentelemetry\opentelemetry-api-logs\1.25.0-alpha\opentelemetry-api-logs-1.25.0-alpha.jar;C:\Users\000U69744\.m2\repository\io\opentelemetry\opentelemetry-api-events\1.25.0-alpha\opentelemetry-api-events-1.25.0-alpha.jar;C:\Users\000U69744\.m2\repository\io\opentelemetry\opentelemetry-api\1.25.0\opentelemetry-api-1.25.0.jar;C:\Users\000U69744\.m2\repository\io\opentelemetry\opentelemetry-context\1.25.0\opentelemetry-context-1.25.0.jar;C:\Users\000U69744\.m2\repository\io\opentelemetry\opentelemetry-exporter-logging\1.25.0\opentelemetry-exporter-logging-1.25.0.jar;C:\Users\000U69744\.m2\repository\io\opentelemetry\opentelemetry-exporter-otlp\1.25.0\opentelemetry-exporter-otlp-1.25.0.jar;C:\Users\000U69744\.m2\repository\io\opentelemetry\opentelemetry-sdk-trace\1.25.0\opentelemetry-sdk-trace-1.25.0.jar;C:\Users\000U69744\.m2\repository\io\opentelemetry\opentelemetry-semconv\1.25.0-alpha\opentelemetry-semconv-1.25.0-alpha.jar;C:\Users\000U69744\.m2\repository\io\opentelemetry\opentelemetry-exporter-otlp-common\1.25.0\opentelemetry-exporter-otlp-common-1.25.0.jar;C:\Users\000U69744\.m2\repository\io\opentelemetry\opentelemetry-exporter-common\1.25.0\opentelemetry-exporter-common-1.25.0.jar;C:\Users\000U69744\.m2\repository\com\squareup\okhttp3\okhttp\4.10.0\okhttp-4.10.0.jar;C:\Users\000U69744\.m2\repository\com\squareup\okio\okio-jvm\3.0.0\okio-jvm-3.0.0.jar;C:\Users\000U69744\.m2\repository\org\jetbrains\kotlin\kotlin-stdlib-jdk8\1.8.22\kotlin-stdlib-jdk8-1.8.22.jar;C:\Users\000U69744\.m2\repository\org\jetbrains\kotlin\kotlin-stdlib-jdk7\1.8.22\kotlin-stdlib-jdk7-1.8.22.jar;C:\Users\000U69744\.m2\repository\org\jetbrains\kotlin\kotlin-stdlib-common\1.8.22\kotlin-stdlib-common-1.8.22.jar;C:\Users\000U69744\.m2\repository\org\jetbrains\kotlin\kotlin-stdlib\1.8.22\kotlin-stdlib-1.8.22.jar;C:\Users\000U69744\.m2\repository\org\jetbrains\annotations\13.0\annotations-13.0.jar;C:\Users\000U69744\.m2\repository\io\opentelemetry\opentelemetry-sdk\1.25.0\opentelemetry-sdk-1.25.0.jar;C:\Users\000U69744\.m2\repository\io\opentelemetry\opentelemetry-sdk-common\1.25.0\opentelemetry-sdk-common-1.25.0.jar;C:\Users\000U69744\.m2\repository\io\opentelemetry\instrumentation\opentelemetry-instrumentation-annotations\1.32.0\opentelemetry-instrumentation-annotations-1.32.0.jar;C:\Users\000U69744\.m2\repository\io\opentelemetry\instrumentation\opentelemetry-logback-mdc-1.0\1.32.0-alpha\opentelemetry-logback-mdc-1.0-1.32.0-alpha.jar;C:\Users\000U69744\.m2\repository\io\opentelemetry\instrumentation\opentelemetry-instrumentation-api\1.32.0\opentelemetry-instrumentation-api-1.32.0.jar;C:\Users\000U69744\.m2\repository\io\opentelemetry\opentelemetry-extension-incubator\1.32.0-alpha\opentelemetry-extension-incubator-1.32.0-alpha.jar;C:\Users\000U69744\.m2\repository\io\opentelemetry\instrumentation\opentelemetry-instrumentation-api-semconv\1.32.0-alpha\opentelemetry-instrumentation-api-semconv-1.32.0-alpha.jar;C:\Users\000U69744\.m2\repository\io\opentelemetry\semconv\opentelemetry-semconv\1.21.0-alpha\opentelemetry-semconv-1.21.0-alpha.jar;C:\Users\000U69744\.m2\repository\io\opentelemetry\opentelemetry-exporters-prometheus\0.9.1\opentelemetry-exporters-prometheus-0.9.1.jar;C:\Users\000U69744\.m2\repository\io\prometheus\simpleclient\0.16.0\simpleclient-0.16.0.jar;C:\Users\000U69744\.m2\repository\io\prometheus\simpleclient_tracer_otel\0.16.0\simpleclient_tracer_otel-0.16.0.jar;C:\Users\000U69744\.m2\repository\io\prometheus\simpleclient_tracer_common\0.16.0\simpleclient_tracer_common-0.16.0.jar;C:\Users\000U69744\.m2\repository\io\prometheus\simpleclient_tracer_otel_agent\0.16.0\simpleclient_tracer_otel_agent-0.16.0.jar;C:\Users\000U69744\.m2\repository\org\springframework\boot\spring-boot-starter-web\3.1.6\spring-boot-starter-web-3.1.6.jar;C:\Users\000U69744\.m2\repository\org\springframework\boot\spring-boot-starter-json\3.1.6\spring-boot-starter-json-3.1.6.jar;C:\Users\000U69744\.m2\repository\com\fasterxml\jackson\datatype\jackson-datatype-jdk8\2.15.3\jackson-datatype-jdk8-2.15.3.jar;C:\Users\000U69744\.m2\repository\org\springframework\boot\spring-boot-starter-tomcat\3.1.6\spring-boot-starter-tomcat-3.1.6.jar;C:\Users\000U69744\.m2\repository\org\apache\tomcat\embed\tomcat-embed-core\10.1.16\tomcat-embed-core-10.1.16.jar;C:\Users\000U69744\.m2\repository\org\apache\tomcat\embed\tomcat-embed-websocket\10.1.16\tomcat-embed-websocket-10.1.16.jar;C:\Users\000U69744\.m2\repository\org\springframework\spring-web\6.0.14\spring-web-6.0.14.jar;C:\Users\000U69744\.m2\repository\org\springframework\spring-beans\6.0.14\spring-beans-6.0.14.jar;C:\Users\000U69744\.m2\repository\org\springframework\spring-webmvc\6.0.14\spring-webmvc-6.0.14.jar;C:\Users\000U69744\.m2\repository\org\springframework\spring-context\6.0.14\spring-context-6.0.14.jar;C:\Users\000U69744\.m2\repository\org\springframework\spring-expression\6.0.14\spring-expression-6.0.14.jar;C:\Users\000U69744\.m2\repository\org\glassfish\jaxb\jaxb-runtime\4.0.4\jaxb-runtime-4.0.4.jar;C:\Users\000U69744\.m2\repository\org\glassfish\jaxb\jaxb-core\4.0.4\jaxb-core-4.0.4.jar;C:\Users\000U69744\.m2\repository\jakarta\activation\jakarta.activation-api\2.1.2\jakarta.activation-api-2.1.2.jar;C:\Users\000U69744\.m2\repository\org\eclipse\angus\angus-activation\2.0.1\angus-activation-2.0.1.jar;C:\Users\000U69744\.m2\repository\org\glassfish\jaxb\txw2\4.0.4\txw2-4.0.4.jar;C:\Users\000U69744\.m2\repository\com\sun\istack\istack-commons-runtime\4.1.2\istack-commons-runtime-4.1.2.jar;C:\Users\000U69744\.m2\repository\org\springframework\boot\spring-boot-devtools\3.1.6\spring-boot-devtools-3.1.6.jar;C:\Users\000U69744\.m2\repository\org\springframework\boot\spring-boot\3.1.6\spring-boot-3.1.6.jar;C:\Users\000U69744\.m2\repository\org\springframework\boot\spring-boot-autoconfigure\3.1.6\spring-boot-autoconfigure-3.1.6.jar;C:\Users\000U69744\.m2\repository\org\springframework\boot\spring-boot-starter-validation\3.1.6\spring-boot-starter-validation-3.1.6.jar;C:\Users\000U69744\.m2\repository\org\apache\tomcat\embed\tomcat-embed-el\10.1.16\tomcat-embed-el-10.1.16.jar;C:\Users\000U69744\.m2\repository\org\hibernate\validator\hibernate-validator\8.0.1.Final\hibernate-validator-8.0.1.Final.jar;C:\Users\000U69744\.m2\repository\jakarta\validation\jakarta.validation-api\3.0.2\jakarta.validation-api-3.0.2.jar;C:\Users\000U69744\.m2\repository\org\jboss\logging\jboss-logging\3.5.3.Final\jboss-logging-3.5.3.Final.jar;C:\Users\000U69744\.m2\repository\com\fasterxml\classmate\1.5.1\classmate-1.5.1.jar;C:\Users\000U69744\.m2\repository\org\projectlombok\lombok\1.18.30\lombok-1.18.30.jar;C:\Users\000U69744\.m2\repository\org\springframework\boot\spring-boot-docker-compose\3.1.6\spring-boot-docker-compose-3.1.6.jar;C:\Users\000U69744\.m2\repository\com\fasterxml\jackson\module\jackson-module-parameter-names\2.15.3\jackson-module-parameter-names-2.15.3.jar;C:\Users\000U69744\.m2\repository\org\springframework\boot\spring-boot-starter-test\3.1.6\spring-boot-starter-test-3.1.6.jar;C:\Users\000U69744\.m2\repository\org\springframework\boot\spring-boot-test\3.1.6\spring-boot-test-3.1.6.jar;C:\Users\000U69744\.m2\repository\org\springframework\boot\spring-boot-test-autoconfigure\3.1.6\spring-boot-test-autoconfigure-3.1.6.jar;C:\Users\000U69744\.m2\repository\jakarta\xml\bind\jakarta.xml.bind-api\4.0.1\jakarta.xml.bind-api-4.0.1.jar;C:\Users\000U69744\.m2\repository\net\minidev\json-smart\2.4.11\json-smart-2.4.11.jar;C:\Users\000U69744\.m2\repository\net\minidev\accessors-smart\2.4.11\accessors-smart-2.4.11.jar;C:\Users\000U69744\.m2\repository\org\assertj\assertj-core\3.24.2\assertj-core-3.24.2.jar;C:\Users\000U69744\.m2\repository\net\bytebuddy\byte-buddy\1.14.10\byte-buddy-1.14.10.jar;C:\Users\000U69744\.m2\repository\org\hamcrest\hamcrest\2.2\hamcrest-2.2.jar;C:\Users\000U69744\.m2\repository\org\junit\jupiter\junit-jupiter\5.9.3\junit-jupiter-5.9.3.jar;C:\Users\000U69744\.m2\repository\org\junit\jupiter\junit-jupiter-params\5.9.3\junit-jupiter-params-5.9.3.jar;C:\Users\000U69744\.m2\repository\org\junit\jupiter\junit-jupiter-engine\5.9.3\junit-jupiter-engine-5.9.3.jar;C:\Users\000U69744\.m2\repository\org\junit\platform\junit-platform-engine\1.9.3\junit-platform-engine-1.9.3.jar;C:\Users\000U69744\.m2\repository\org\mockito\mockito-core\5.3.1\mockito-core-5.3.1.jar;C:\Users\000U69744\.m2\repository\net\bytebuddy\byte-buddy-agent\1.14.10\byte-buddy-agent-1.14.10.jar;C:\Users\000U69744\.m2\repository\org\objenesis\objenesis\3.3\objenesis-3.3.jar;C:\Users\000U69744\.m2\repository\org\skyscreamer\jsonassert\1.5.1\jsonassert-1.5.1.jar;C:\Users\000U69744\.m2\repository\com\vaadin\external\google\android-json\0.0.20131108.vaadin1\android-json-0.0.20131108.vaadin1.jar;C:\Users\000U69744\.m2\repository\org\springframework\spring-core\6.0.14\spring-core-6.0.14.jar;C:\Users\000U69744\.m2\repository\org\springframework\spring-jcl\6.0.14\spring-jcl-6.0.14.jar;C:\Users\000U69744\.m2\repository\org\springframework\spring-test\6.0.14\spring-test-6.0.14.jar;C:\Users\000U69744\.m2\repository\org\codehaus\janino\janino\3.1.10\janino-3.1.10.jar;C:\Users\000U69744\.m2\repository\org\codehaus\janino\commons-compiler\3.1.10\commons-compiler-3.1.10.jar;C:\Users\000U69744\.m2\repository\net\logstash\logback\logstash-logback-encoder\7.4\logstash-logback-encoder-7.4.jar;C:\Users\000U69744\.m2\repository\com\google\code\gson\gson\2.10.1\gson-2.10.1.jar;C:\Users\000U69744\.m2\repository\org\springdoc\springdoc-openapi-starter-webmvc-ui\2.2.0\springdoc-openapi-starter-webmvc-ui-2.2.0.jar;C:\Users\000U69744\.m2\repository\org\springdoc\springdoc-openapi-starter-webmvc-api\2.2.0\springdoc-openapi-starter-webmvc-api-2.2.0.jar;C:\Users\000U69744\.m2\repository\org\springdoc\springdoc-openapi-starter-common\2.2.0\springdoc-openapi-starter-common-2.2.0.jar;C:\Users\000U69744\.m2\repository\io\swagger\core\v3\swagger-core-jakarta\2.2.15\swagger-core-jakarta-2.2.15.jar;C:\Users\000U69744\.m2\repository\io\swagger\core\v3\swagger-annotations-jakarta\2.2.15\swagger-annotations-jakarta-2.2.15.jar;C:\Users\000U69744\.m2\repository\io\swagger\core\v3\swagger-models-jakarta\2.2.15\swagger-models-jakarta-2.2.15.jar;C:\Users\000U69744\.m2\repository\org\webjars\swagger-ui\5.2.0\swagger-ui-5.2.0.jar;C:\Users\000U69744\.m2\repository\org\mockito\mockito-junit-jupiter\5.3.1\mockito-junit-jupiter-5.3.1.jar;C:\Users\000U69744\.m2\repository\org\junit\jupiter\junit-jupiter-api\5.9.3\junit-jupiter-api-5.9.3.jar;C:\Users\000U69744\.m2\repository\org\opentest4j\opentest4j\1.2.0\opentest4j-1.2.0.jar;C:\Users\000U69744\.m2\repository\org\junit\platform\junit-platform-commons\1.9.3\junit-platform-commons-1.9.3.jar;C:\Users\000U69744\.m2\repository\org\apiguardian\apiguardian-api\1.1.2\apiguardian-api-1.1.2.jar;"/>
    <property name="sun.cpu.endian" value="little"/>
    <property name="user.home" value="C:\Users\000U69744"/>
    <property name="user.language" value="en"/>
    <property name="java.specification.vendor" value="Oracle Corporation"/>
    <property name="java.version.date" value="2023-07-18"/>
    <property name="java.home" value="C:\Program Files\Java\jdk-17"/>
    <property name="file.separator" value="\"/>
    <property name="basedir" value="C:\Users\000U69744\IdeaProjects\ps-assignment\Book4Fun\booking-service"/>
    <property name="java.vm.compressedOopsMode" value="Zero based"/>
    <property name="line.separator" value="&#10;"/>
    <property name="java.vm.specification.vendor" value="Oracle Corporation"/>
    <property name="java.specification.name" value="Java Platform API Specification"/>
    <property name="FILE_LOG_CHARSET" value="windows-1252"/>
    <property name="java.awt.headless" value="true"/>
    <property name="surefire.real.class.path" value="C:\Users\000U69744\AppData\Local\Temp\surefire75056212815298435\surefirebooter-20231213203128884_7.jar"/>
    <property name="user.script" value=""/>
    <property name="sun.management.compiler" value="HotSpot 64-Bit Tiered Compilers"/>
    <property name="java.runtime.version" value="17.0.8+9-LTS-211"/>
    <property name="user.name" value="HarcharanjeetButalia"/>
    <property name="path.separator" value=";"/>
    <property name="os.version" value="10.0"/>
    <property name="java.runtime.name" value="Java(TM) SE Runtime Environment"/>
    <property name="file.encoding" value="Cp1252"/>
    <property name="java.vm.name" value="Java HotSpot(TM) 64-Bit Server VM"/>
    <property name="localRepository" value="C:\Users\000U69744\.m2\repository"/>
    <property name="java.vendor.url.bug" value="https://bugreport.java.com/bugreport/"/>
    <property name="java.io.tmpdir" value="C:\Users\000U69~1\AppData\Local\Temp\"/>
    <property name="java.version" value="17.0.8"/>
    <property name="user.dir" value="C:\Users\000U69744\IdeaProjects\ps-assignment\Book4Fun\booking-service"/>
    <property name="os.arch" value="amd64"/>
    <property name="java.vm.specification.name" value="Java Virtual Machine Specification"/>
    <property name="PID" value="28872"/>
    <property name="sun.os.patch.level" value=""/>
    <property name="CONSOLE_LOG_CHARSET" value="windows-1252"/>
    <property name="native.encoding" value="Cp1252"/>
    <property name="java.library.path" value="C:\Program Files\Java\jdk-17\bin;C:\WINDOWS\Sun\Java\bin;C:\WINDOWS\system32;C:\WINDOWS;C:\Python311\Scripts\;C:\Python311\;C:\Program Files (x86)\RSA SecurID Token Common;C:\Program Files\RSA SecurID Token Common;C:\Windows\System32;C:\Windows;C:\Windows\System32\wbem;C:\Windows\System32\WindowsPowerShell\v1.0\;C:\Windows\System32\OpenSSH\;C:\Program Files\Git\cmd;C:\Program Files (x86)\GnuPG\bin;C:\Program Files\nodejs\;C:\ProgramData\chocolatey\bin;C:\Program Files\Java\jdk-17\bin;C:\Program Files\Red Hat OpenShift Local\;C:\Program Files\Go\bin;C:\Program Files\Docker\Docker\resources\bin;C:\Users\000U69744\bin;C:\Program Files\MySQL\MySQL Shell 8.0\bin\;C:\WINDOWS\system32\config\systemprofile\AppData\Local\Microsoft\WindowsApps;C:\Program Files\JetBrains\IntelliJ IDEA 2023.1\bin;C:\apache-maven-3.9.1\bin;;C:\Users\000U69744\AppData\Local\Programs\Microsoft VS Code\bin;C:\apache-maven-3.9.1\bin;C:\Users\000U69744\AppData\Roaming\npm;C:\Program Files\Graphviz 2.44.1\bin;C:\Users\000U69744\AppData\Local\Box\Box Edit\;C:\Program Files\Lens\resources\cli\bin;C:\Users\000U69744\go\bin;."/>
    <property name="java.vm.info" value="mixed mode, sharing"/>
    <property name="java.vendor" value="Oracle Corporation"/>
    <property name="java.vm.version" value="17.0.8+9-LTS-211"/>
    <property name="sun.io.unicode.encoding" value="UnicodeLittle"/>
    <property name="java.class.version" value="61.0"/>
  </properties>
  <testcase name="contextLoads" classname="com.assign.ps.Book4FunTests" time="1.839">
    <system-out><![CDATA[20:31:30.910 trace_id= span_id=	trace_flags= Could not detect default configuration classes for test class [com.assign.ps.Book4FunTests]: Book4FunTests does not declare any static, non-private, non-final, nested classes annotated with @Configuration.
20:31:31.098 trace_id= span_id=	trace_flags= Found @SpringBootConfiguration com.assign.ps.BookingApplication for test class com.assign.ps.Book4FunTests
20:31:31.413 trace_id= span_id=	trace_flags= Restart disabled due to context in which it is running

  .   ____          _            __ _ _
 /\\ / ___'_ __ _ _(_)_ __  __ _ \ \ \ \
( ( )\___ | '_ | '_| | '_ \/ _` | \ \ \ \
 \\/  ___)| |_)| | | | | || (_| |  ) ) ) )
  '  |____| .__|_| |_|_| |_\__, | / / / /
 =========|_|==============|___/=/_/_/_/
 :: Spring Boot ::                (v3.1.6)

20:31:32.222 trace_id= span_id=	trace_flags= HV000001: Hibernate Validator 8.0.1.Final
20:31:32.353 trace_id= span_id=	trace_flags= Starting Book4FunTests using Java 17.0.8 with PID 28872 (started by HarcharanjeetButalia in C:\Users\000U69744\IdeaProjects\ps-assignment\Book4Fun\booking-service)
20:31:32.355 trace_id= span_id=	trace_flags= The following 1 profile is active: "test"
20:31:35.126 trace_id= span_id=	trace_flags= BeanFactory id=0e0794e4-5cd2-3698-adcd-f0071572ed6a
20:31:35.286 trace_id= span_id=	trace_flags= Bean 'com.assign.ps.client.CinemaClient' of type [reactivefeign.spring.config.ReactiveFeignClientFactoryBean] is not eligible for getting processed by all BeanPostProcessors (for example: not eligible for auto-proxying)
20:31:35.650 trace_id= span_id=	trace_flags= Bean 'io.opentelemetry.instrumentation.spring.autoconfigure.instrumentation.web.SpringWebInstrumentationAutoConfiguration' of type [io.opentelemetry.instrumentation.spring.autoconfigure.instrumentation.web.SpringWebInstrumentationAutoConfiguration$$SpringCGLIB$$0] is not eligible for getting processed by all BeanPostProcessors (for example: not eligible for auto-proxying)
20:31:35.654 trace_id= span_id=	trace_flags= Bean 'io.opentelemetry.instrumentation.spring.autoconfigure.OpenTelemetryAutoConfiguration$OpenTelemetrySdkConfig' of type [io.opentelemetry.instrumentation.spring.autoconfigure.OpenTelemetryAutoConfiguration$OpenTelemetrySdkConfig$$SpringCGLIB$$0] is not eligible for getting processed by all BeanPostProcessors (for example: not eligible for auto-proxying)
20:31:35.677 trace_id= span_id=	trace_flags= Bean 'org.springframework.cloud.commons.config.CommonsConfigAutoConfiguration' of type [org.springframework.cloud.commons.config.CommonsConfigAutoConfiguration] is not eligible for getting processed by all BeanPostProcessors (for example: not eligible for auto-proxying)
20:31:35.680 trace_id= span_id=	trace_flags= Bean 'org.springframework.cloud.client.loadbalancer.LoadBalancerDefaultMappingsProviderAutoConfiguration' of type [org.springframework.cloud.client.loadbalancer.LoadBalancerDefaultMappingsProviderAutoConfiguration] is not eligible for getting processed by all BeanPostProcessors (for example: not eligible for auto-proxying)
20:31:35.682 trace_id= span_id=	trace_flags= Bean 'loadBalancerClientsDefaultsMappingsProvider' of type [org.springframework.cloud.client.loadbalancer.LoadBalancerDefaultMappingsProviderAutoConfiguration$$Lambda$916/0x000001335b4db780] is not eligible for getting processed by all BeanPostProcessors (for example: not eligible for auto-proxying)
20:31:35.685 trace_id= span_id=	trace_flags= Bean 'defaultsBindHandlerAdvisor' of type [org.springframework.cloud.commons.config.DefaultsBindHandlerAdvisor] is not eligible for getting processed by all BeanPostProcessors (for example: not eligible for auto-proxying)
20:31:35.695 trace_id= span_id=	trace_flags= Bean 'otel.traces.sampler-io.opentelemetry.instrumentation.spring.autoconfigure.SamplerProperties' of type [io.opentelemetry.instrumentation.spring.autoconfigure.SamplerProperties] is not eligible for getting processed by all BeanPostProcessors (for example: not eligible for auto-proxying)
20:31:35.720 trace_id= span_id=	trace_flags= Bean 'io.opentelemetry.instrumentation.spring.autoconfigure.resources.OtelResourceAutoConfiguration' of type [io.opentelemetry.instrumentation.spring.autoconfigure.resources.OtelResourceAutoConfiguration$$SpringCGLIB$$0] is not eligible for getting processed by all BeanPostProcessors (for example: not eligible for auto-proxying)
20:31:35.740 trace_id= span_id=	trace_flags= Bean 'otel.springboot.resource-io.opentelemetry.instrumentation.spring.autoconfigure.resources.OtelResourceProperties' of type [io.opentelemetry.instrumentation.spring.autoconfigure.resources.OtelResourceProperties] is not eligible for getting processed by all BeanPostProcessors (for example: not eligible for auto-proxying)
20:31:35.743 trace_id= span_id=	trace_flags= Bean 'otelResourceProvider' of type [io.opentelemetry.instrumentation.spring.autoconfigure.resources.SpringResourceProvider] is not eligible for getting processed by all BeanPostProcessors (for example: not eligible for auto-proxying)
20:31:35.753 trace_id= span_id=	trace_flags= Bean 'otelResource' of type [io.opentelemetry.sdk.resources.AutoValue_Resource] is not eligible for getting processed by all BeanPostProcessors (for example: not eligible for auto-proxying)
20:31:35.770 trace_id= span_id=	trace_flags= Bean 'io.opentelemetry.instrumentation.spring.autoconfigure.exporters.otlp.OtlpSpanExporterAutoConfiguration' of type [io.opentelemetry.instrumentation.spring.autoconfigure.exporters.otlp.OtlpSpanExporterAutoConfiguration$$SpringCGLIB$$0] is not eligible for getting processed by all BeanPostProcessors (for example: not eligible for auto-proxying)
20:31:35.778 trace_id= span_id=	trace_flags= Bean 'otel.exporter.otlp-io.opentelemetry.instrumentation.spring.autoconfigure.exporters.otlp.OtlpExporterProperties' of type [io.opentelemetry.instrumentation.spring.autoconfigure.exporters.otlp.OtlpExporterProperties] is not eligible for getting processed by all BeanPostProcessors (for example: not eligible for auto-proxying)
20:31:36.465 trace_id= span_id=	trace_flags= Bean 'otelOtlpGrpcSpanExporter' of type [io.opentelemetry.exporter.otlp.trace.OtlpGrpcSpanExporter] is not eligible for getting processed by all BeanPostProcessors (for example: not eligible for auto-proxying)
20:31:36.507 trace_id= span_id=	trace_flags= Bean 'sdkTracerProvider' of type [io.opentelemetry.sdk.trace.SdkTracerProvider] is not eligible for getting processed by all BeanPostProcessors (for example: not eligible for auto-proxying)
20:31:36.514 trace_id= span_id=	trace_flags= Bean 'otel.metric.export-io.opentelemetry.instrumentation.spring.autoconfigure.MetricExportProperties' of type [io.opentelemetry.instrumentation.spring.autoconfigure.MetricExportProperties] is not eligible for getting processed by all BeanPostProcessors (for example: not eligible for auto-proxying)
20:31:36.521 trace_id= span_id=	trace_flags= Bean 'io.opentelemetry.instrumentation.spring.autoconfigure.exporters.otlp.OtlpMetricExporterAutoConfiguration' of type [io.opentelemetry.instrumentation.spring.autoconfigure.exporters.otlp.OtlpMetricExporterAutoConfiguration$$SpringCGLIB$$0] is not eligible for getting processed by all BeanPostProcessors (for example: not eligible for auto-proxying)
20:31:36.531 trace_id= span_id=	trace_flags= Bean 'otelOtlpGrpcMetricExporter' of type [io.opentelemetry.exporter.otlp.metrics.OtlpGrpcMetricExporter] is not eligible for getting processed by all BeanPostProcessors (for example: not eligible for auto-proxying)
20:31:36.564 trace_id= span_id=	trace_flags= Bean 'sdkMeterProvider' of type [io.opentelemetry.sdk.metrics.SdkMeterProvider] is not eligible for getting processed by all BeanPostProcessors (for example: not eligible for auto-proxying)
20:31:36.594 trace_id= span_id=	trace_flags= Bean 'sdkLoggerProvider' of type [io.opentelemetry.sdk.logs.SdkLoggerProvider] is not eligible for getting processed by all BeanPostProcessors (for example: not eligible for auto-proxying)
20:31:36.600 trace_id= span_id=	trace_flags= Bean 'io.opentelemetry.instrumentation.spring.autoconfigure.propagators.PropagationAutoConfiguration' of type [io.opentelemetry.instrumentation.spring.autoconfigure.propagators.PropagationAutoConfiguration$$SpringCGLIB$$0] is not eligible for getting processed by all BeanPostProcessors (for example: not eligible for auto-proxying)
20:31:36.604 trace_id= span_id=	trace_flags= Bean 'io.opentelemetry.instrumentation.spring.autoconfigure.propagators.PropagationAutoConfiguration$PropagatorsConfiguration' of type [io.opentelemetry.instrumentation.spring.autoconfigure.propagators.PropagationAutoConfiguration$PropagatorsConfiguration$$SpringCGLIB$$0] is not eligible for getting processed by all BeanPostProcessors (for example: not eligible for auto-proxying)
20:31:36.609 trace_id= span_id=	trace_flags= Bean 'otel.propagation-io.opentelemetry.instrumentation.spring.autoconfigure.propagators.PropagationProperties' of type [io.opentelemetry.instrumentation.spring.autoconfigure.propagators.PropagationProperties] is not eligible for getting processed by all BeanPostProcessors (for example: not eligible for auto-proxying)
20:31:36.620 trace_id= span_id=	trace_flags= Bean 'compositeTextMapPropagator' of type [io.opentelemetry.context.propagation.MultiTextMapPropagator] is not eligible for getting processed by all BeanPostProcessors (for example: not eligible for auto-proxying)
20:31:36.623 trace_id= span_id=	trace_flags= Bean 'contextPropagators' of type [io.opentelemetry.context.propagation.DefaultContextPropagators] is not eligible for getting processed by all BeanPostProcessors (for example: not eligible for auto-proxying)
20:31:36.629 trace_id= span_id=	trace_flags= Bean 'openTelemetry' of type [io.opentelemetry.sdk.OpenTelemetrySdk] is not eligible for getting processed by all BeanPostProcessors (for example: not eligible for auto-proxying)
20:31:36.632 trace_id= span_id=	trace_flags= Bean 'io.opentelemetry.instrumentation.spring.autoconfigure.instrumentation.webflux.SpringWebfluxInstrumentationAutoConfiguration' of type [io.opentelemetry.instrumentation.spring.autoconfigure.instrumentation.webflux.SpringWebfluxInstrumentationAutoConfiguration$$SpringCGLIB$$0] is not eligible for getting processed by all BeanPostProcessors (for example: not eligible for auto-proxying)
20:31:36.640 trace_id= span_id=	trace_flags= Bean 'org.springframework.cloud.client.loadbalancer.reactive.LoadBalancerBeanPostProcessorAutoConfiguration' of type [org.springframework.cloud.client.loadbalancer.reactive.LoadBalancerBeanPostProcessorAutoConfiguration] is not eligible for getting processed by all BeanPostProcessors (for example: not eligible for auto-proxying)
20:31:36.641 trace_id= span_id=	trace_flags= Bean 'org.springframework.cloud.client.loadbalancer.reactive.LoadBalancerBeanPostProcessorAutoConfiguration$ReactorDeferringLoadBalancerFilterConfig' of type [org.springframework.cloud.client.loadbalancer.reactive.LoadBalancerBeanPostProcessorAutoConfiguration$ReactorDeferringLoadBalancerFilterConfig] is not eligible for getting processed by all BeanPostProcessors (for example: not eligible for auto-proxying)
20:31:36.645 trace_id= span_id=	trace_flags= Bean 'reactorDeferringLoadBalancerExchangeFilterFunction' of type [org.springframework.cloud.client.loadbalancer.reactive.DeferringLoadBalancerExchangeFilterFunction] is not eligible for getting processed by all BeanPostProcessors (for example: not eligible for auto-proxying)
20:31:36.813 trace_id= span_id=	trace_flags= Using deprecated '-debug' fallback for parameter name resolution. Compile the affected code with '-parameters' instead or avoid its introspection: reactivefeign.spring.config.ReactiveFeignClientsConfiguration
20:31:39.348 trace_id= span_id=	trace_flags= Using deprecated '-debug' fallback for parameter name resolution. Compile the affected code with '-parameters' instead or avoid its introspection: io.opentelemetry.instrumentation.spring.autoconfigure.instrumentation.annotations.InstrumentationAnnotationsAutoConfiguration
20:31:41.007 trace_id= span_id=	trace_flags= Spring Cloud LoadBalancer is currently working with the default cache. While this cache implementation is useful for development and tests, it's recommended to use Caffeine cache in production.You can switch to using Caffeine cache, by adding it and org.springframework.cache.caffeine.CaffeineCacheManager to the classpath.
20:31:41.064 trace_id= span_id=	trace_flags= Exposing 15 endpoint(s) beneath base path '/actuator'
20:31:41.214 trace_id= span_id=	trace_flags= Started Book4FunTests in 9.823 seconds (process running for 12.176)
]]></system-out>
  </testcase>
</testsuite>